{"C:\\Users\\rafae\\projeto-eng-soft\\app.js": {"path":"C:\\Users\\rafae\\projeto-eng-soft\\app.js","statementMap":{"0":{"start":{"line":8,"column":19},"end":{"line":8,"column":49}},"1":{"start":{"line":9,"column":18},"end":{"line":9,"column":42}},"2":{"start":{"line":11,"column":12},"end":{"line":11,"column":21}},"3":{"start":{"line":14,"column":0},"end":{"line":14,"column":29}},"4":{"start":{"line":15,"column":0},"end":{"line":15,"column":47}},"5":{"start":{"line":16,"column":0},"end":{"line":16,"column":55}},"6":{"start":{"line":17,"column":0},"end":{"line":17,"column":50}},"7":{"start":{"line":20,"column":15},"end":{"line":20,"column":17}},"8":{"start":{"line":24,"column":2},"end":{"line":24,"column":65}},"9":{"start":{"line":29,"column":26},"end":{"line":29,"column":59}},"10":{"start":{"line":30,"column":2},"end":{"line":30,"column":36}},"11":{"start":{"line":35,"column":15},"end":{"line":35,"column":41}},"12":{"start":{"line":36,"column":14},"end":{"line":36,"column":53}},"13":{"start":{"line":37,"column":14},"end":{"line":37,"column":58}},"14":{"start":{"line":38,"column":14},"end":{"line":38,"column":32}},"15":{"start":{"line":39,"column":2},"end":{"line":39,"column":31}},"16":{"start":{"line":44,"column":21},"end":{"line":52,"column":3}},"17":{"start":{"line":54,"column":15},"end":{"line":54,"column":41}},"18":{"start":{"line":55,"column":2},"end":{"line":55,"column":41}},"19":{"start":{"line":55,"column":19},"end":{"line":55,"column":41}},"20":{"start":{"line":57,"column":20},"end":{"line":57,"column":45}},"21":{"start":{"line":58,"column":14},"end":{"line":58,"column":53}},"22":{"start":{"line":59,"column":14},"end":{"line":59,"column":58}},"23":{"start":{"line":60,"column":14},"end":{"line":60,"column":32}},"24":{"start":{"line":62,"column":2},"end":{"line":62,"column":45}},"25":{"start":{"line":68,"column":0},"end":{"line":83,"column":2}},"26":{"start":{"line":69,"column":28},"end":{"line":80,"column":7}},"27":{"start":{"line":71,"column":20},"end":{"line":71,"column":41}},"28":{"start":{"line":72,"column":20},"end":{"line":72,"column":41}},"29":{"start":{"line":74,"column":6},"end":{"line":74,"column":69}},"30":{"start":{"line":74,"column":47},"end":{"line":74,"column":69}},"31":{"start":{"line":75,"column":6},"end":{"line":75,"column":26}},"32":{"start":{"line":77,"column":15},"end":{"line":80,"column":5}},"33":{"start":{"line":82,"column":2},"end":{"line":82,"column":54}},"34":{"start":{"line":86,"column":0},"end":{"line":89,"column":2}},"35":{"start":{"line":87,"column":15},"end":{"line":87,"column":53}},"36":{"start":{"line":88,"column":2},"end":{"line":88,"column":53}},"37":{"start":{"line":92,"column":0},"end":{"line":145,"column":2}},"38":{"start":{"line":93,"column":60},"end":{"line":93,"column":68}},"39":{"start":{"line":94,"column":27},"end":{"line":94,"column":76}},"40":{"start":{"line":95,"column":15},"end":{"line":95,"column":53}},"41":{"start":{"line":98,"column":2},"end":{"line":104,"column":3}},"42":{"start":{"line":99,"column":4},"end":{"line":103,"column":6}},"43":{"start":{"line":107,"column":22},"end":{"line":107,"column":41}},"44":{"start":{"line":108,"column":19},"end":{"line":108,"column":29}},"45":{"start":{"line":109,"column":2},"end":{"line":109,"column":31}},"46":{"start":{"line":111,"column":2},"end":{"line":117,"column":3}},"47":{"start":{"line":112,"column":4},"end":{"line":116,"column":6}},"48":{"start":{"line":120,"column":19},"end":{"line":122,"column":3}},"49":{"start":{"line":121,"column":9},"end":{"line":121,"column":59}},"50":{"start":{"line":123,"column":2},"end":{"line":129,"column":3}},"51":{"start":{"line":124,"column":4},"end":{"line":128,"column":6}},"52":{"start":{"line":132,"column":22},"end":{"line":132,"column":86}},"53":{"start":{"line":133,"column":2},"end":{"line":133,"column":28}},"54":{"start":{"line":136,"column":2},"end":{"line":136,"column":81}},"55":{"start":{"line":139,"column":2},"end":{"line":144,"column":4}},"56":{"start":{"line":148,"column":0},"end":{"line":152,"column":2}},"57":{"start":{"line":149,"column":17},"end":{"line":149,"column":27}},"58":{"start":{"line":150,"column":2},"end":{"line":150,"column":46}},"59":{"start":{"line":150,"column":34},"end":{"line":150,"column":45}},"60":{"start":{"line":151,"column":2},"end":{"line":151,"column":19}},"61":{"start":{"line":155,"column":0},"end":{"line":158,"column":2}},"62":{"start":{"line":156,"column":2},"end":{"line":156,"column":15}},"63":{"start":{"line":157,"column":2},"end":{"line":157,"column":19}},"64":{"start":{"line":164,"column":0},"end":{"line":169,"column":1}},"65":{"start":{"line":165,"column":16},"end":{"line":165,"column":20}},"66":{"start":{"line":166,"column":2},"end":{"line":168,"column":4}},"67":{"start":{"line":167,"column":4},"end":{"line":167,"column":64}}},"fnMap":{"0":{"name":"gerarId","decl":{"start":{"line":23,"column":9},"end":{"line":23,"column":16}},"loc":{"start":{"line":23,"column":19},"end":{"line":25,"column":1}},"line":23},"1":{"name":"parseDataLocal","decl":{"start":{"line":28,"column":16},"end":{"line":28,"column":30}},"loc":{"start":{"line":28,"column":43},"end":{"line":31,"column":1}},"line":28},"2":{"name":"formatarDataDDMMYYYY","decl":{"start":{"line":34,"column":16},"end":{"line":34,"column":36}},"loc":{"start":{"line":34,"column":49},"end":{"line":40,"column":1}},"line":34},"3":{"name":"formatarDataComDia","decl":{"start":{"line":43,"column":16},"end":{"line":43,"column":34}},"loc":{"start":{"line":43,"column":47},"end":{"line":63,"column":1}},"line":43},"4":{"name":"(anonymous_4)","decl":{"start":{"line":68,"column":13},"end":{"line":68,"column":14}},"loc":{"start":{"line":68,"column":27},"end":{"line":83,"column":1}},"line":68},"5":{"name":"(anonymous_5)","decl":{"start":{"line":70,"column":10},"end":{"line":70,"column":11}},"loc":{"start":{"line":70,"column":20},"end":{"line":76,"column":5}},"line":70},"6":{"name":"(anonymous_6)","decl":{"start":{"line":77,"column":9},"end":{"line":77,"column":10}},"loc":{"start":{"line":77,"column":15},"end":{"line":80,"column":5}},"line":77},"7":{"name":"(anonymous_7)","decl":{"start":{"line":86,"column":17},"end":{"line":86,"column":18}},"loc":{"start":{"line":86,"column":31},"end":{"line":89,"column":1}},"line":86},"8":{"name":"(anonymous_8)","decl":{"start":{"line":92,"column":22},"end":{"line":92,"column":23}},"loc":{"start":{"line":92,"column":42},"end":{"line":145,"column":1}},"line":92},"9":{"name":"(anonymous_9)","decl":{"start":{"line":121,"column":4},"end":{"line":121,"column":5}},"loc":{"start":{"line":121,"column":9},"end":{"line":121,"column":59}},"line":121},"10":{"name":"(anonymous_10)","decl":{"start":{"line":136,"column":72},"end":{"line":136,"column":73}},"loc":{"start":{"line":136,"column":78},"end":{"line":136,"column":80}},"line":136},"11":{"name":"(anonymous_11)","decl":{"start":{"line":148,"column":25},"end":{"line":148,"column":26}},"loc":{"start":{"line":148,"column":39},"end":{"line":152,"column":1}},"line":148},"12":{"name":"(anonymous_12)","decl":{"start":{"line":150,"column":29},"end":{"line":150,"column":30}},"loc":{"start":{"line":150,"column":34},"end":{"line":150,"column":45}},"line":150},"13":{"name":"(anonymous_13)","decl":{"start":{"line":155,"column":27},"end":{"line":155,"column":28}},"loc":{"start":{"line":155,"column":41},"end":{"line":158,"column":1}},"line":155},"14":{"name":"(anonymous_14)","decl":{"start":{"line":166,"column":20},"end":{"line":166,"column":21}},"loc":{"start":{"line":166,"column":26},"end":{"line":168,"column":3}},"line":166}},"branchMap":{"0":{"loc":{"start":{"line":55,"column":2},"end":{"line":55,"column":41}},"type":"if","locations":[{"start":{"line":55,"column":2},"end":{"line":55,"column":41}},{"start":{},"end":{}}],"line":55},"1":{"loc":{"start":{"line":74,"column":6},"end":{"line":74,"column":69}},"type":"if","locations":[{"start":{"line":74,"column":6},"end":{"line":74,"column":69}},{"start":{},"end":{}}],"line":74},"2":{"loc":{"start":{"line":98,"column":2},"end":{"line":104,"column":3}},"type":"if","locations":[{"start":{"line":98,"column":2},"end":{"line":104,"column":3}},{"start":{},"end":{}}],"line":98},"3":{"loc":{"start":{"line":98,"column":6},"end":{"line":98,"column":67}},"type":"binary-expr","locations":[{"start":{"line":98,"column":6},"end":{"line":98,"column":11}},{"start":{"line":98,"column":15},"end":{"line":98,"column":19}},{"start":{"line":98,"column":23},"end":{"line":98,"column":28}},{"start":{"line":98,"column":32},"end":{"line":98,"column":42}},{"start":{"line":98,"column":46},"end":{"line":98,"column":57}},{"start":{"line":98,"column":61},"end":{"line":98,"column":67}}],"line":98},"4":{"loc":{"start":{"line":111,"column":2},"end":{"line":117,"column":3}},"type":"if","locations":[{"start":{"line":111,"column":2},"end":{"line":117,"column":3}},{"start":{},"end":{}}],"line":111},"5":{"loc":{"start":{"line":121,"column":9},"end":{"line":121,"column":59}},"type":"binary-expr","locations":[{"start":{"line":121,"column":9},"end":{"line":121,"column":24}},{"start":{"line":121,"column":28},"end":{"line":121,"column":41}},{"start":{"line":121,"column":45},"end":{"line":121,"column":59}}],"line":121},"6":{"loc":{"start":{"line":123,"column":2},"end":{"line":129,"column":3}},"type":"if","locations":[{"start":{"line":123,"column":2},"end":{"line":129,"column":3}},{"start":{},"end":{}}],"line":123},"7":{"loc":{"start":{"line":164,"column":0},"end":{"line":169,"column":1}},"type":"if","locations":[{"start":{"line":164,"column":0},"end":{"line":169,"column":1}},{"start":{},"end":{}}],"line":164}},"s":{"0":1,"1":1,"2":1,"3":1,"4":1,"5":1,"6":1,"7":1,"8":0,"9":0,"10":0,"11":0,"12":0,"13":0,"14":0,"15":0,"16":0,"17":0,"18":0,"19":0,"20":0,"21":0,"22":0,"23":0,"24":0,"25":1,"26":1,"27":0,"28":0,"29":0,"30":0,"31":0,"32":0,"33":1,"34":1,"35":0,"36":0,"37":1,"38":1,"39":1,"40":1,"41":1,"42":1,"43":0,"44":0,"45":0,"46":0,"47":0,"48":0,"49":0,"50":0,"51":0,"52":0,"53":0,"54":0,"55":0,"56":1,"57":0,"58":0,"59":0,"60":0,"61":1,"62":1,"63":1,"64":1,"65":0,"66":0,"67":0},"f":{"0":0,"1":0,"2":0,"3":0,"4":1,"5":0,"6":0,"7":0,"8":1,"9":0,"10":0,"11":0,"12":0,"13":1,"14":0},"b":{"0":[0,0],"1":[0,0],"2":[1,0],"3":[1,0,0,0,0,0],"4":[0,0],"5":[0,0,0],"6":[0,0],"7":[0,1]},"inputSourceMap":null,"_coverageSchema":"1a1c01bbd47fc00a2c39e90264f33305004495a9","hash":"437c573026ca163171273fb6f35b72703f3cf20b"}
}
