{"C:\\Users\\AEVO TECH\\Desktop\\projeto-eng-soft\\app.js": {"path":"C:\\Users\\AEVO TECH\\Desktop\\projeto-eng-soft\\app.js","statementMap":{"0":{"start":{"line":8,"column":19},"end":{"line":8,"column":49}},"1":{"start":{"line":9,"column":18},"end":{"line":9,"column":42}},"2":{"start":{"line":11,"column":12},"end":{"line":11,"column":21}},"3":{"start":{"line":14,"column":0},"end":{"line":14,"column":29}},"4":{"start":{"line":15,"column":0},"end":{"line":15,"column":47}},"5":{"start":{"line":16,"column":0},"end":{"line":16,"column":55}},"6":{"start":{"line":17,"column":0},"end":{"line":17,"column":27}},"7":{"start":{"line":18,"column":0},"end":{"line":18,"column":50}},"8":{"start":{"line":21,"column":15},"end":{"line":21,"column":17}},"9":{"start":{"line":25,"column":2},"end":{"line":25,"column":65}},"10":{"start":{"line":30,"column":26},"end":{"line":30,"column":59}},"11":{"start":{"line":31,"column":2},"end":{"line":31,"column":36}},"12":{"start":{"line":36,"column":15},"end":{"line":36,"column":41}},"13":{"start":{"line":37,"column":14},"end":{"line":37,"column":53}},"14":{"start":{"line":38,"column":14},"end":{"line":38,"column":58}},"15":{"start":{"line":39,"column":14},"end":{"line":39,"column":32}},"16":{"start":{"line":40,"column":2},"end":{"line":40,"column":31}},"17":{"start":{"line":45,"column":21},"end":{"line":53,"column":3}},"18":{"start":{"line":55,"column":15},"end":{"line":55,"column":41}},"19":{"start":{"line":56,"column":2},"end":{"line":58,"column":3}},"20":{"start":{"line":57,"column":6},"end":{"line":57,"column":28}},"21":{"start":{"line":60,"column":20},"end":{"line":60,"column":45}},"22":{"start":{"line":61,"column":14},"end":{"line":61,"column":53}},"23":{"start":{"line":62,"column":14},"end":{"line":62,"column":58}},"24":{"start":{"line":63,"column":14},"end":{"line":63,"column":32}},"25":{"start":{"line":65,"column":2},"end":{"line":65,"column":45}},"26":{"start":{"line":71,"column":0},"end":{"line":86,"column":2}},"27":{"start":{"line":72,"column":28},"end":{"line":83,"column":7}},"28":{"start":{"line":74,"column":20},"end":{"line":74,"column":41}},"29":{"start":{"line":75,"column":20},"end":{"line":75,"column":41}},"30":{"start":{"line":77,"column":6},"end":{"line":77,"column":69}},"31":{"start":{"line":77,"column":47},"end":{"line":77,"column":69}},"32":{"start":{"line":78,"column":6},"end":{"line":78,"column":26}},"33":{"start":{"line":80,"column":15},"end":{"line":83,"column":5}},"34":{"start":{"line":85,"column":2},"end":{"line":85,"column":54}},"35":{"start":{"line":89,"column":0},"end":{"line":92,"column":2}},"36":{"start":{"line":90,"column":15},"end":{"line":90,"column":53}},"37":{"start":{"line":91,"column":2},"end":{"line":91,"column":53}},"38":{"start":{"line":95,"column":0},"end":{"line":149,"column":2}},"39":{"start":{"line":96,"column":60},"end":{"line":96,"column":68}},"40":{"start":{"line":98,"column":27},"end":{"line":98,"column":76}},"41":{"start":{"line":99,"column":15},"end":{"line":99,"column":53}},"42":{"start":{"line":102,"column":2},"end":{"line":108,"column":3}},"43":{"start":{"line":103,"column":4},"end":{"line":107,"column":6}},"44":{"start":{"line":111,"column":22},"end":{"line":111,"column":41}},"45":{"start":{"line":112,"column":19},"end":{"line":112,"column":29}},"46":{"start":{"line":113,"column":2},"end":{"line":113,"column":31}},"47":{"start":{"line":115,"column":2},"end":{"line":121,"column":3}},"48":{"start":{"line":116,"column":4},"end":{"line":120,"column":6}},"49":{"start":{"line":124,"column":19},"end":{"line":126,"column":3}},"50":{"start":{"line":125,"column":9},"end":{"line":125,"column":59}},"51":{"start":{"line":127,"column":2},"end":{"line":133,"column":3}},"52":{"start":{"line":128,"column":4},"end":{"line":132,"column":6}},"53":{"start":{"line":136,"column":22},"end":{"line":136,"column":86}},"54":{"start":{"line":137,"column":2},"end":{"line":137,"column":28}},"55":{"start":{"line":140,"column":2},"end":{"line":140,"column":81}},"56":{"start":{"line":143,"column":2},"end":{"line":148,"column":4}},"57":{"start":{"line":152,"column":0},"end":{"line":156,"column":2}},"58":{"start":{"line":153,"column":17},"end":{"line":153,"column":27}},"59":{"start":{"line":154,"column":2},"end":{"line":154,"column":46}},"60":{"start":{"line":154,"column":34},"end":{"line":154,"column":45}},"61":{"start":{"line":155,"column":2},"end":{"line":155,"column":19}},"62":{"start":{"line":159,"column":0},"end":{"line":162,"column":2}},"63":{"start":{"line":160,"column":2},"end":{"line":160,"column":15}},"64":{"start":{"line":161,"column":2},"end":{"line":161,"column":19}},"65":{"start":{"line":168,"column":0},"end":{"line":173,"column":1}},"66":{"start":{"line":169,"column":16},"end":{"line":169,"column":20}},"67":{"start":{"line":170,"column":2},"end":{"line":172,"column":4}},"68":{"start":{"line":171,"column":4},"end":{"line":171,"column":64}}},"fnMap":{"0":{"name":"gerarId","decl":{"start":{"line":24,"column":16},"end":{"line":24,"column":23}},"loc":{"start":{"line":24,"column":26},"end":{"line":26,"column":1}},"line":24},"1":{"name":"parseDataLocal","decl":{"start":{"line":29,"column":16},"end":{"line":29,"column":30}},"loc":{"start":{"line":29,"column":43},"end":{"line":32,"column":1}},"line":29},"2":{"name":"formatarDataDDMMYYYY","decl":{"start":{"line":35,"column":16},"end":{"line":35,"column":36}},"loc":{"start":{"line":35,"column":49},"end":{"line":41,"column":1}},"line":35},"3":{"name":"formatarDataComDia","decl":{"start":{"line":44,"column":16},"end":{"line":44,"column":34}},"loc":{"start":{"line":44,"column":47},"end":{"line":66,"column":1}},"line":44},"4":{"name":"(anonymous_4)","decl":{"start":{"line":71,"column":13},"end":{"line":71,"column":14}},"loc":{"start":{"line":71,"column":27},"end":{"line":86,"column":1}},"line":71},"5":{"name":"(anonymous_5)","decl":{"start":{"line":73,"column":10},"end":{"line":73,"column":11}},"loc":{"start":{"line":73,"column":20},"end":{"line":79,"column":5}},"line":73},"6":{"name":"(anonymous_6)","decl":{"start":{"line":80,"column":9},"end":{"line":80,"column":10}},"loc":{"start":{"line":80,"column":15},"end":{"line":83,"column":5}},"line":80},"7":{"name":"(anonymous_7)","decl":{"start":{"line":89,"column":17},"end":{"line":89,"column":18}},"loc":{"start":{"line":89,"column":31},"end":{"line":92,"column":1}},"line":89},"8":{"name":"(anonymous_8)","decl":{"start":{"line":95,"column":22},"end":{"line":95,"column":23}},"loc":{"start":{"line":95,"column":42},"end":{"line":149,"column":1}},"line":95},"9":{"name":"(anonymous_9)","decl":{"start":{"line":125,"column":4},"end":{"line":125,"column":5}},"loc":{"start":{"line":125,"column":9},"end":{"line":125,"column":59}},"line":125},"10":{"name":"(anonymous_10)","decl":{"start":{"line":140,"column":72},"end":{"line":140,"column":73}},"loc":{"start":{"line":140,"column":78},"end":{"line":140,"column":80}},"line":140},"11":{"name":"(anonymous_11)","decl":{"start":{"line":152,"column":25},"end":{"line":152,"column":26}},"loc":{"start":{"line":152,"column":39},"end":{"line":156,"column":1}},"line":152},"12":{"name":"(anonymous_12)","decl":{"start":{"line":154,"column":29},"end":{"line":154,"column":30}},"loc":{"start":{"line":154,"column":34},"end":{"line":154,"column":45}},"line":154},"13":{"name":"(anonymous_13)","decl":{"start":{"line":159,"column":27},"end":{"line":159,"column":28}},"loc":{"start":{"line":159,"column":41},"end":{"line":162,"column":1}},"line":159},"14":{"name":"(anonymous_14)","decl":{"start":{"line":170,"column":20},"end":{"line":170,"column":21}},"loc":{"start":{"line":170,"column":26},"end":{"line":172,"column":3}},"line":170}},"branchMap":{"0":{"loc":{"start":{"line":56,"column":2},"end":{"line":58,"column":3}},"type":"if","locations":[{"start":{"line":56,"column":2},"end":{"line":58,"column":3}},{"start":{},"end":{}}],"line":56},"1":{"loc":{"start":{"line":77,"column":6},"end":{"line":77,"column":69}},"type":"if","locations":[{"start":{"line":77,"column":6},"end":{"line":77,"column":69}},{"start":{},"end":{}}],"line":77},"2":{"loc":{"start":{"line":102,"column":2},"end":{"line":108,"column":3}},"type":"if","locations":[{"start":{"line":102,"column":2},"end":{"line":108,"column":3}},{"start":{},"end":{}}],"line":102},"3":{"loc":{"start":{"line":102,"column":6},"end":{"line":102,"column":67}},"type":"binary-expr","locations":[{"start":{"line":102,"column":6},"end":{"line":102,"column":11}},{"start":{"line":102,"column":15},"end":{"line":102,"column":19}},{"start":{"line":102,"column":23},"end":{"line":102,"column":28}},{"start":{"line":102,"column":32},"end":{"line":102,"column":42}},{"start":{"line":102,"column":46},"end":{"line":102,"column":57}},{"start":{"line":102,"column":61},"end":{"line":102,"column":67}}],"line":102},"4":{"loc":{"start":{"line":115,"column":2},"end":{"line":121,"column":3}},"type":"if","locations":[{"start":{"line":115,"column":2},"end":{"line":121,"column":3}},{"start":{},"end":{}}],"line":115},"5":{"loc":{"start":{"line":125,"column":9},"end":{"line":125,"column":59}},"type":"binary-expr","locations":[{"start":{"line":125,"column":9},"end":{"line":125,"column":24}},{"start":{"line":125,"column":28},"end":{"line":125,"column":41}},{"start":{"line":125,"column":45},"end":{"line":125,"column":59}}],"line":125},"6":{"loc":{"start":{"line":127,"column":2},"end":{"line":133,"column":3}},"type":"if","locations":[{"start":{"line":127,"column":2},"end":{"line":133,"column":3}},{"start":{},"end":{}}],"line":127},"7":{"loc":{"start":{"line":168,"column":0},"end":{"line":173,"column":1}},"type":"if","locations":[{"start":{"line":168,"column":0},"end":{"line":173,"column":1}},{"start":{},"end":{}}],"line":168}},"s":{"0":3,"1":3,"2":3,"3":3,"4":3,"5":3,"6":3,"7":3,"8":3,"9":3,"10":4,"11":4,"12":0,"13":0,"14":0,"15":0,"16":0,"17":2,"18":2,"19":2,"20":0,"21":2,"22":2,"23":2,"24":2,"25":2,"26":3,"27":1,"28":0,"29":0,"30":0,"31":0,"32":0,"33":0,"34":1,"35":3,"36":0,"37":0,"38":3,"39":1,"40":1,"41":1,"42":1,"43":0,"44":1,"45":1,"46":1,"47":1,"48":0,"49":1,"50":0,"51":1,"52":0,"53":1,"54":1,"55":1,"56":1,"57":3,"58":0,"59":0,"60":0,"61":0,"62":3,"63":1,"64":1,"65":3,"66":0,"67":0,"68":0},"f":{"0":3,"1":4,"2":0,"3":2,"4":1,"5":0,"6":0,"7":0,"8":1,"9":0,"10":1,"11":0,"12":0,"13":1,"14":0},"b":{"0":[0,2],"1":[0,0],"2":[0,1],"3":[1,1,1,1,1,1],"4":[0,1],"5":[0,0,0],"6":[0,1],"7":[0,3]},"inputSourceMap":null,"_coverageSchema":"1a1c01bbd47fc00a2c39e90264f33305004495a9","hash":"12334ed94ef2af0b48f965a55e36c7a02cee8b94"}
}
