TN:
SF:app.js
FN:24,gerarId
FN:29,parseDataLocal
FN:35,formatarDataDDMMYYYY
FN:44,formatarDataComDia
FN:69,(anonymous_4)
FN:71,(anonymous_5)
FN:78,(anonymous_6)
FN:87,(anonymous_7)
FN:93,(anonymous_8)
FN:122,(anonymous_9)
FN:137,(anonymous_10)
FN:149,(anonymous_11)
FN:151,(anonymous_12)
FN:156,(anonymous_13)
FN:167,(anonymous_14)
FNF:15
FNH:7
FNDA:3,gerarId
FNDA:4,parseDataLocal
FNDA:0,formatarDataDDMMYYYY
FNDA:2,formatarDataComDia
FNDA:1,(anonymous_4)
FNDA:0,(anonymous_5)
FNDA:0,(anonymous_6)
FNDA:0,(anonymous_7)
FNDA:1,(anonymous_8)
FNDA:0,(anonymous_9)
FNDA:1,(anonymous_10)
FNDA:0,(anonymous_11)
FNDA:0,(anonymous_12)
FNDA:1,(anonymous_13)
FNDA:0,(anonymous_14)
DA:8,3
DA:9,3
DA:11,3
DA:14,3
DA:15,3
DA:16,3
DA:17,3
DA:18,3
DA:21,3
DA:25,3
DA:30,4
DA:31,4
DA:36,0
DA:37,0
DA:38,0
DA:39,0
DA:40,0
DA:45,2
DA:55,2
DA:56,2
DA:58,2
DA:59,2
DA:60,2
DA:61,2
DA:63,2
DA:69,3
DA:70,1
DA:72,0
DA:73,0
DA:75,0
DA:76,0
DA:78,0
DA:83,1
DA:87,3
DA:88,0
DA:89,0
DA:93,3
DA:94,1
DA:95,1
DA:96,1
DA:99,1
DA:100,0
DA:108,1
DA:109,1
DA:110,1
DA:112,1
DA:113,0
DA:121,1
DA:122,0
DA:124,1
DA:125,0
DA:133,1
DA:134,1
DA:137,1
DA:140,1
DA:149,3
DA:150,0
DA:151,0
DA:152,0
DA:156,3
DA:157,1
DA:158,1
DA:165,3
DA:166,0
DA:167,0
DA:168,0
LF:66
LH:44
BRDA:56,0,0,0
BRDA:56,0,1,2
BRDA:75,1,0,0
BRDA:75,1,1,0
BRDA:99,2,0,0
BRDA:99,2,1,1
BRDA:99,3,0,1
BRDA:99,3,1,1
BRDA:99,3,2,1
BRDA:99,3,3,1
BRDA:99,3,4,1
BRDA:99,3,5,1
BRDA:112,4,0,0
BRDA:112,4,1,1
BRDA:122,5,0,0
BRDA:122,5,1,0
BRDA:122,5,2,0
BRDA:124,6,0,0
BRDA:124,6,1,1
BRDA:165,7,0,0
BRDA:165,7,1,3
BRF:21
BRH:11
end_of_record
